<?xml version="1.0" encoding="UTF-8"?>
<!-- Generated by org.testng.reporters.JUnitReportReporter -->
<testsuite hostname="DELL" name="com.spp.scripts.FormulaEditor" tests="3" failures="0" timestamp="7 Mar 2018 09:40:48 GMT" time="53.292" errors="0">
  <testcase name="verifyDeletedFormula" time="11.519" classname="com.spp.scripts.FormulaEditor"/>
  <testcase name="verifyUpdatedFormula" time="26.194" classname="com.spp.scripts.FormulaEditor"/>
  <testcase name="verifyCreatedFormule" time="15.579" classname="com.spp.scripts.FormulaEditor"/>
</testsuite> <!-- com.spp.scripts.FormulaEditor -->
